C:\USERS\DWILLIAMS\DOCUMENTS\VISUAL STUDIO 2012\PROJECTS\SKINJIGGLE\SKINJIGGLE\X64\RELEASE\MAIN.OBJ
C:\USERS\DWILLIAMS\DOCUMENTS\VISUAL STUDIO 2012\PROJECTS\SKINJIGGLE\SKINJIGGLE\X64\RELEASE\CVJIGGLEDEFORMER.OBJ
C:\USERS\DWILLIAMS\DOCUMENTS\VISUAL STUDIO 2012\PROJECTS\SKINJIGGLE\SKINJIGGLE\X64\RELEASE\CVJIGGLECMD.OBJ
C:\USERS\DWILLIAMS\DOCUMENTS\VISUAL STUDIO 2012\PROJECTS\SKINJIGGLE\SKINJIGGLE\X64\RELEASE\VC110.PDB
C:\USERS\DWILLIAMS\DOCUMENTS\VISUAL STUDIO 2012\PROJECTS\SKINJIGGLE\X64\RELEASE\SKINJIGGLE.MLL
C:\USERS\DWILLIAMS\DOCUMENTS\VISUAL STUDIO 2012\PROJECTS\SKINJIGGLE\X64\RELEASE\SKINJIGGLE.PDB
c:\users\dwilliams\documents\visual studio 2012\Projects\skinJiggle\x64\Release\skinJiggle.lib
c:\users\dwilliams\documents\visual studio 2012\Projects\skinJiggle\x64\Release\skinJiggle.exp
c:\Users\dwilliams\documents\visual studio 2012\Projects\skinJiggle\skinJiggle\x64\Release\cvJiggleCmd.obj
c:\Users\dwilliams\documents\visual studio 2012\Projects\skinJiggle\skinJiggle\x64\Release\cvJiggleDeformer.obj
c:\Users\dwilliams\documents\visual studio 2012\Projects\skinJiggle\skinJiggle\x64\Release\Main.obj
c:\Users\dwilliams\documents\visual studio 2012\Projects\skinJiggle\skinJiggle\x64\Release\cl.command.1.tlog
c:\Users\dwilliams\documents\visual studio 2012\Projects\skinJiggle\skinJiggle\x64\Release\CL.read.1.tlog
c:\Users\dwilliams\documents\visual studio 2012\Projects\skinJiggle\skinJiggle\x64\Release\CL.write.1.tlog
c:\Users\dwilliams\documents\visual studio 2012\Projects\skinJiggle\skinJiggle\x64\Release\link-cvtres.read.1.tlog
c:\Users\dwilliams\documents\visual studio 2012\Projects\skinJiggle\skinJiggle\x64\Release\link-cvtres.write.1.tlog
c:\Users\dwilliams\documents\visual studio 2012\Projects\skinJiggle\skinJiggle\x64\Release\link-rc.read.1.tlog
c:\Users\dwilliams\documents\visual studio 2012\Projects\skinJiggle\skinJiggle\x64\Release\link-rc.write.1.tlog
c:\Users\dwilliams\documents\visual studio 2012\Projects\skinJiggle\skinJiggle\x64\Release\link.command.1.tlog
c:\Users\dwilliams\documents\visual studio 2012\Projects\skinJiggle\skinJiggle\x64\Release\link.read.1.tlog
c:\Users\dwilliams\documents\visual studio 2012\Projects\skinJiggle\skinJiggle\x64\Release\link.write.1.tlog
c:\Users\dwilliams\documents\visual studio 2012\Projects\skinJiggle\skinJiggle\x64\Release\skinJiggle.write.1.tlog
c:\Users\dwilliams\documents\visual studio 2012\Projects\skinJiggle\skinJiggle\x64\Release\vc110.pdb
c:\users\dwilliams\documents\visual studio 2012\Projects\skinJiggle\x64\Release\skinJiggle.pdb
